<?xml version="1.0" encoding="UTF-8"?>
<!-- Generated by org.testng.reporters.JUnitXMLReporter -->
<testsuite hostname="Prakash" ignored="1" name="CRM Application" tests="1" failures="1" timestamp="2022-11-20T12:40:42 IST" time="0.46" errors="0">
  <testcase name="loginPageTitleTest" time="0.014" classname="com.testcases.LoginPageTest">
    <failure type="java.lang.NullPointerException">
      <![CDATA[java.lang.NullPointerException
at com.testcases.LoginPageTest.loginPageTitleTest(LoginPageTest.java:34)
at java.util.ArrayList.forEach(ArrayList.java:1257)
... Removed 27 stack frames]]>
    </failure>
  </testcase> <!-- loginPageTitleTest -->
  <testcase name="loginTest" time="0.0" classname="com.testcases.LoginPageTest">
    <ignored/>
  </testcase> <!-- loginTest -->
</testsuite> <!-- CRM Application -->
