<?xml version="1.0" encoding="UTF-8"?>
<!-- Generated by org.testng.reporters.JUnitXMLReporter -->
<testsuite hostname="Prakash" ignored="7" tests="0" failures="0" timestamp="2022-12-29T11:49:29 IST" time="0.028" errors="0">
  <testcase name="add" time="0.0" classname="com.testcases.ContactsPageTest">
    <ignored/>
  </testcase> <!-- add -->
  <testcase name="loginPageTitleTest" time="0.0" classname="com.testcases.LoginPageTest">
    <ignored/>
  </testcase> <!-- loginPageTitleTest -->
  <testcase name="verifyContactsLabel" time="0.0" classname="com.testcases.ContactsPageTest">
    <ignored/>
  </testcase> <!-- verifyContactsLabel -->
  <testcase name="clickOnContactsLinkTest" time="0.0" classname="com.testcases.HomePageTest">
    <ignored/>
  </testcase> <!-- clickOnContactsLinkTest -->
  <testcase name="validateCreateNewContact" time="0.0" classname="com.testcases.ContactsPageTest">
    <ignored/>
  </testcase> <!-- validateCreateNewContact -->
  <testcase name="verifyHomepageTitleTest" time="0.0" classname="com.testcases.HomePageTest">
    <ignored/>
  </testcase> <!-- verifyHomepageTitleTest -->
  <testcase name="loginTest" time="0.0" classname="com.testcases.LoginPageTest">
    <ignored/>
  </testcase> <!-- loginTest -->
</testsuite>
