<?xml version="1.0" encoding="UTF-8" ?>
<testsuite tests="11" failures="1" name="TestSuite" time="30.525" errors="0" skipped="5">
  <properties>
[...]
</properties>
  <testcase classname="com.testcases.ContactsPageTest" name="add" time="0.016"/>
  <testcase classname="com.testcases.ContactsPageTest" name="SetUP" time="22.517">
    <failure message="no such element: Unable to locate element: {&quot;method&quot;:&quot;css selector&quot;,&quot;selector&quot;:&quot;*[name=&apos;username&apos;]&quot;}
  (Session info: chrome=108.0.5359.125)
For documentation on this error, please visit: http://seleniumhq.org/exceptions/no_such_element.html
Build info: version: &apos;3.141.0&apos;, revision: &apos;2ecb7d9a&apos;, time: &apos;2018-10-31T20:09:30&apos;
System info: host: &apos;PRAKASH&apos;, ip: &apos;192.168.253.1&apos;, os.name: &apos;Windows 10&apos;, os.arch: &apos;amd64&apos;, os.version: &apos;10.0&apos;, java.version: &apos;1.8.0_202&apos;
Driver info: org.openqa.selenium.chrome.ChromeDriver
Capabilities {acceptInsecureCerts: false, browserName: chrome, browserVersion: 108.0.5359.125, chrome: {chromedriverVersion: 108.0.5359.71 (1e0e3868ee06..., userDataDir: C:\Users\SAIPRA~1\AppData\L...}, goog:chromeOptions: {debuggerAddress: localhost:57821}, javascriptEnabled: true, networkConnectionEnabled: false, pageLoadStrategy: normal, platform: WINDOWS, platformName: WINDOWS, proxy: Proxy(), setWindowRect: true, strictFileInteractability: false, timeouts: {implicit: 0, pageLoad: 300000, script: 30000}, unhandledPromptBehavior: dismiss and notify, webauthn:extension:credBlob: true, webauthn:extension:largeBlob: true, webauthn:virtualAuthenticators: true}
Session ID: c542be8caaee17521c693d68d87ce907
*** Element info: {Using=name, value=username}" type="org.openqa.selenium.NoSuchElementException">org.openqa.selenium.NoSuchElementException: no such element: Unable to locate element: {&quot;method&quot;:&quot;css selector&quot;,&quot;selector&quot;:&quot;*[name=&apos;username&apos;]&quot;}
  (Session info: chrome=108.0.5359.125)
For documentation on this error, please visit: http://seleniumhq.org/exceptions/no_such_element.html
Build info: version: &apos;3.141.0&apos;, revision: &apos;2ecb7d9a&apos;, time: &apos;2018-10-31T20:09:30&apos;
System info: host: &apos;PRAKASH&apos;, ip: &apos;192.168.253.1&apos;, os.name: &apos;Windows 10&apos;, os.arch: &apos;amd64&apos;, os.version: &apos;10.0&apos;, java.version: &apos;1.8.0_202&apos;
Driver info: org.openqa.selenium.chrome.ChromeDriver
Capabilities {acceptInsecureCerts: false, browserName: chrome, browserVersion: 108.0.5359.125, chrome: {chromedriverVersion: 108.0.5359.71 (1e0e3868ee06..., userDataDir: C:\Users\SAIPRA~1\AppData\L...}, goog:chromeOptions: {debuggerAddress: localhost:57821}, javascriptEnabled: true, networkConnectionEnabled: false, pageLoadStrategy: normal, platform: WINDOWS, platformName: WINDOWS, proxy: Proxy(), setWindowRect: true, strictFileInteractability: false, timeouts: {implicit: 0, pageLoad: 300000, script: 30000}, unhandledPromptBehavior: dismiss and notify, webauthn:extension:credBlob: true, webauthn:extension:largeBlob: true, webauthn:virtualAuthenticators: true}
Session ID: c542be8caaee17521c693d68d87ce907
*** Element info: {Using=name, value=username}
	at sun.reflect.NativeConstructorAccessorImpl.newInstance0(Native Method)
	at sun.reflect.NativeConstructorAccessorImpl.newInstance(NativeConstructorAccessorImpl.java:62)
	at sun.reflect.DelegatingConstructorAccessorImpl.newInstance(DelegatingConstructorAccessorImpl.java:45)
	at java.lang.reflect.Constructor.newInstance(Constructor.java:423)
	at org.openqa.selenium.remote.http.W3CHttpResponseCodec.createException(W3CHttpResponseCodec.java:187)
	at org.openqa.selenium.remote.http.W3CHttpResponseCodec.decode(W3CHttpResponseCodec.java:122)
	at org.openqa.selenium.remote.http.W3CHttpResponseCodec.decode(W3CHttpResponseCodec.java:49)
	at org.openqa.selenium.remote.HttpCommandExecutor.execute(HttpCommandExecutor.java:158)
	at org.openqa.selenium.remote.service.DriverCommandExecutor.execute(DriverCommandExecutor.java:83)
	at org.openqa.selenium.remote.RemoteWebDriver.execute(RemoteWebDriver.java:552)
	at org.openqa.selenium.remote.RemoteWebDriver.findElement(RemoteWebDriver.java:323)
	at org.openqa.selenium.remote.RemoteWebDriver.findElementByName(RemoteWebDriver.java:404)
	at org.openqa.selenium.By$ByName.findElement(By.java:284)
	at org.openqa.selenium.remote.RemoteWebDriver.findElement(RemoteWebDriver.java:315)
	at org.openqa.selenium.support.pagefactory.DefaultElementLocator.findElement(DefaultElementLocator.java:69)
	at org.openqa.selenium.support.pagefactory.internal.LocatingElementHandler.invoke(LocatingElementHandler.java:38)
	at com.sun.proxy.$Proxy9.sendKeys(Unknown Source)
	at com.pages.LoginPage.login(LoginPage.java:38)
	at com.testcases.ContactsPageTest.SetUP(ContactsPageTest.java:32)
</failure>
    <system-err>Starting ChromeDriver 108.0.5359.71 (1e0e3868ee06e91ad636a874420e3ca3ae3756ac-refs/branch-heads/5359@{#1016}) on port 6417
Only local connections are allowed.
Please see https://chromedriver.chromium.org/security-considerations for suggestions on keeping ChromeDriver safe.
ChromeDriver was started successfully.
Jan 03, 2023 12:28:00 AM org.openqa.selenium.remote.ProtocolHandshake createSession
INFO: Detected dialect: W3C
</system-err>
  </testcase>
  <testcase classname="com.testcases.ContactsPageTest" name="validateCreateNewContact" time="0">
    <skipped/>
  </testcase>
  <testcase classname="com.testcases.ContactsPageTest" name="tearDown" time="0">
    <skipped/>
  </testcase>
  <testcase classname="com.testcases.ContactsPageTest" name="SetUP" time="0.001">
    <skipped/>
  </testcase>
  <testcase classname="com.testcases.ContactsPageTest" name="verifyContactsLabel" time="0">
    <skipped/>
  </testcase>
  <testcase classname="com.testcases.ContactsPageTest" name="tearDown" time="0.001">
    <skipped/>
  </testcase>
  <testcase classname="com.testcases.HomePageTest" name="verifyHomepageTitleTest" time="0.011"/>
  <testcase classname="com.testcases.HomePageTest" name="clickOnContactsLinkTest" time="1.49"/>
  <testcase classname="com.testcases.LoginPageTest" name="loginPageTitleTest" time="0.046"/>
  <testcase classname="com.testcases.LoginPageTest" name="loginTest" time="6.443"/>
</testsuite>